\\psbdfilesrvr.psu-erie.bd.psu.edu\student\zdb107\private\desktop\Graphics\LightGame\Debug\LightGame.pdb
\\psbdfilesrvr.psu-erie.bd.psu.edu\student\ZDB107\Private\desktop\Graphics\LightGame\LightGame\Debug\cl.command.1.tlog
\\psbdfilesrvr.psu-erie.bd.psu.edu\student\ZDB107\Private\desktop\Graphics\LightGame\LightGame\Debug\CL.read.1.tlog
\\psbdfilesrvr.psu-erie.bd.psu.edu\student\ZDB107\Private\desktop\Graphics\LightGame\LightGame\Debug\CL.write.1.tlog
\\PSBDFILESRVR.PSU-ERIE.BD.PSU.EDU\STUDENT\ZDB107\PRIVATE\DESKTOP\GRAPHICS\LIGHTGAME\LIGHTGAME\DEBUG\GAME.OBJ
\\psbdfilesrvr.psu-erie.bd.psu.edu\student\ZDB107\Private\desktop\Graphics\LightGame\LightGame\Debug\LightGame.exe.embed.manifest
\\psbdfilesrvr.psu-erie.bd.psu.edu\student\ZDB107\Private\desktop\Graphics\LightGame\LightGame\Debug\LightGame.exe.embed.manifest.res
\\psbdfilesrvr.psu-erie.bd.psu.edu\student\ZDB107\Private\desktop\Graphics\LightGame\LightGame\Debug\LightGame.exe.intermediate.manifest
\\psbdfilesrvr.psu-erie.bd.psu.edu\student\ZDB107\Private\desktop\Graphics\LightGame\LightGame\Debug\LightGame.ilk
\\psbdfilesrvr.psu-erie.bd.psu.edu\student\ZDB107\Private\desktop\Graphics\LightGame\LightGame\Debug\LightGame.pdb
\\psbdfilesrvr.psu-erie.bd.psu.edu\student\ZDB107\Private\desktop\Graphics\LightGame\LightGame\Debug\LightGame_manifest.rc
\\psbdfilesrvr.psu-erie.bd.psu.edu\student\ZDB107\Private\desktop\Graphics\LightGame\LightGame\Debug\link.3152.read.1.tlog
\\psbdfilesrvr.psu-erie.bd.psu.edu\student\ZDB107\Private\desktop\Graphics\LightGame\LightGame\Debug\link.3152.write.1.tlog
\\psbdfilesrvr.psu-erie.bd.psu.edu\student\ZDB107\Private\desktop\Graphics\LightGame\LightGame\Debug\link.3152-cvtres.read.1.tlog
\\psbdfilesrvr.psu-erie.bd.psu.edu\student\ZDB107\Private\desktop\Graphics\LightGame\LightGame\Debug\link.3152-cvtres.write.1.tlog
\\psbdfilesrvr.psu-erie.bd.psu.edu\student\ZDB107\Private\desktop\Graphics\LightGame\LightGame\Debug\link.3168.read.1.tlog
\\psbdfilesrvr.psu-erie.bd.psu.edu\student\ZDB107\Private\desktop\Graphics\LightGame\LightGame\Debug\link.3168.write.1.tlog
\\psbdfilesrvr.psu-erie.bd.psu.edu\student\ZDB107\Private\desktop\Graphics\LightGame\LightGame\Debug\link.3168-cvtres.read.1.tlog
\\psbdfilesrvr.psu-erie.bd.psu.edu\student\ZDB107\Private\desktop\Graphics\LightGame\LightGame\Debug\link.3168-cvtres.write.1.tlog
\\psbdfilesrvr.psu-erie.bd.psu.edu\student\ZDB107\Private\desktop\Graphics\LightGame\LightGame\Debug\link.command.1.tlog
\\psbdfilesrvr.psu-erie.bd.psu.edu\student\ZDB107\Private\desktop\Graphics\LightGame\LightGame\Debug\link.read.1.tlog
\\psbdfilesrvr.psu-erie.bd.psu.edu\student\ZDB107\Private\desktop\Graphics\LightGame\LightGame\Debug\link.write.1.tlog
\\psbdfilesrvr.psu-erie.bd.psu.edu\student\ZDB107\Private\desktop\Graphics\LightGame\LightGame\Debug\link-cvtres.read.1.tlog
\\psbdfilesrvr.psu-erie.bd.psu.edu\student\ZDB107\Private\desktop\Graphics\LightGame\LightGame\Debug\link-cvtres.write.1.tlog
\\psbdfilesrvr.psu-erie.bd.psu.edu\student\ZDB107\Private\desktop\Graphics\LightGame\LightGame\Debug\mt.command.1.tlog
\\psbdfilesrvr.psu-erie.bd.psu.edu\student\ZDB107\Private\desktop\Graphics\LightGame\LightGame\Debug\mt.read.1.tlog
\\psbdfilesrvr.psu-erie.bd.psu.edu\student\ZDB107\Private\desktop\Graphics\LightGame\LightGame\Debug\mt.write.1.tlog
\\psbdfilesrvr.psu-erie.bd.psu.edu\student\ZDB107\Private\desktop\Graphics\LightGame\LightGame\Debug\rc.command.1.tlog
\\psbdfilesrvr.psu-erie.bd.psu.edu\student\ZDB107\Private\desktop\Graphics\LightGame\LightGame\Debug\rc.read.1.tlog
\\psbdfilesrvr.psu-erie.bd.psu.edu\student\ZDB107\Private\desktop\Graphics\LightGame\LightGame\Debug\rc.write.1.tlog
\\psbdfilesrvr.psu-erie.bd.psu.edu\student\ZDB107\Private\desktop\Graphics\LightGame\LightGame\Debug\vc100.idb
\\PSBDFILESRVR.PSU-ERIE.BD.PSU.EDU\STUDENT\ZDB107\PRIVATE\DESKTOP\GRAPHICS\LIGHTGAME\LIGHTGAME\DEBUG\VC100.PDB
