Build started 12/3/2011 6:28:14 PM.
     1>Project "\\psbdfilesrvr.psu-erie.bd.psu.edu\student\ZDB107\Private\desktop\Graphics\LightGame\LightGame\LightGame.vcxproj" on node 2 (build target(s)).
     1>InitializeBuildStatus:
         Creating "Debug\LightGame.unsuccessfulbuild" because "AlwaysCreate" was specified.
       ClCompile:
         C:\Program Files\Microsoft Visual Studio 10.0\VC\bin\CL.exe /c /ZI /nologo /W3 /WX- /Od /Oy- /D WIN32 /D _DEBUG /D _CONSOLE /D _UNICODE /D UNICODE /Gm /EHsc /RTC1 /MDd /GS /fp:precise /Zc:wchar_t /Zc:forScope /Fo"Debug\\" /Fd"Debug\vc100.pdb" /Gd /TP /analyze- /errorReport:prompt game.cpp
         game.cpp
     1>\\psbdfilesrvr.psu-erie.bd.psu.edu\student\zdb107\private\desktop\graphics\lightgame\lightgame\world.cpp(58): warning C4018: '<' : signed/unsigned mismatch
     1>\\psbdfilesrvr.psu-erie.bd.psu.edu\student\zdb107\private\desktop\graphics\lightgame\lightgame\world.cpp(86): warning C4018: '<' : signed/unsigned mismatch
     1>\\psbdfilesrvr.psu-erie.bd.psu.edu\student\zdb107\private\desktop\graphics\lightgame\lightgame\world.cpp(101): warning C4018: '<' : signed/unsigned mismatch
     1>\\psbdfilesrvr.psu-erie.bd.psu.edu\student\zdb107\private\desktop\graphics\lightgame\lightgame\world.cpp(191): warning C4018: '<' : signed/unsigned mismatch
     1>\\psbdfilesrvr.psu-erie.bd.psu.edu\student\zdb107\private\desktop\graphics\lightgame\lightgame\world.cpp(199): warning C4018: '<' : signed/unsigned mismatch
     1>\\psbdfilesrvr.psu-erie.bd.psu.edu\student\zdb107\private\desktop\graphics\lightgame\lightgame\world.cpp(286): warning C4996: 'fopen': This function or variable may be unsafe. Consider using fopen_s instead. To disable deprecation, use _CRT_SECURE_NO_WARNINGS. See online help for details.
                 c:\program files\microsoft visual studio 10.0\vc\include\stdio.h(234) : see declaration of 'fopen'
     1>\\psbdfilesrvr.psu-erie.bd.psu.edu\student\zdb107\private\desktop\graphics\lightgame\lightgame\dude.cpp(61): warning C4018: '<' : signed/unsigned mismatch
     1>\\psbdfilesrvr.psu-erie.bd.psu.edu\student\zdb107\private\desktop\graphics\lightgame\lightgame\dude.cpp(98): warning C4018: '<' : signed/unsigned mismatch
       ManifestResourceCompile:
         C:\Program Files\Microsoft SDKs\Windows\v7.0A\bin\rc.exe /nologo /fo"Debug\LightGame.exe.embed.manifest.res" Debug\LightGame_manifest.rc 
       Link:
         C:\Program Files\Microsoft Visual Studio 10.0\VC\bin\link.exe /ERRORREPORT:PROMPT /OUT:"\\psbdfilesrvr.psu-erie.bd.psu.edu\student\zdb107\private\desktop\Graphics\LightGame\Debug\LightGame.exe" /INCREMENTAL /NOLOGO kernel32.lib user32.lib gdi32.lib winspool.lib comdlg32.lib advapi32.lib shell32.lib ole32.lib oleaut32.lib uuid.lib odbc32.lib odbccp32.lib /MANIFEST /ManifestFile:"Debug\LightGame.exe.intermediate.manifest" /MANIFESTUAC:"level='asInvoker' uiAccess='false'" /DEBUG /PDB:"\\psbdfilesrvr.psu-erie.bd.psu.edu\student\zdb107\private\desktop\Graphics\LightGame\Debug\LightGame.pdb" /SUBSYSTEM:CONSOLE /TLBID:1 /DYNAMICBASE /NXCOMPAT /IMPLIB:"\\psbdfilesrvr.psu-erie.bd.psu.edu\student\zdb107\private\desktop\Graphics\LightGame\Debug\LightGame.lib" /MACHINE:X86 Debug\LightGame.exe.embed.manifest.res
         Debug\game.obj
       Manifest:
         C:\Program Files\Microsoft SDKs\Windows\v7.0A\bin\mt.exe /nologo /verbose /out:"Debug\LightGame.exe.embed.manifest" /manifest Debug\LightGame.exe.intermediate.manifest
         C:\Program Files\Microsoft SDKs\Windows\v7.0A\bin\rc.exe /nologo /fo"Debug\LightGame.exe.embed.manifest.res" Debug\LightGame_manifest.rc 
       LinkEmbedManifest:
         C:\Program Files\Microsoft Visual Studio 10.0\VC\bin\link.exe /ERRORREPORT:PROMPT /OUT:"\\psbdfilesrvr.psu-erie.bd.psu.edu\student\zdb107\private\desktop\Graphics\LightGame\Debug\LightGame.exe" /INCREMENTAL /NOLOGO kernel32.lib user32.lib gdi32.lib winspool.lib comdlg32.lib advapi32.lib shell32.lib ole32.lib oleaut32.lib uuid.lib odbc32.lib odbccp32.lib /MANIFEST /ManifestFile:"Debug\LightGame.exe.intermediate.manifest" /MANIFESTUAC:"level='asInvoker' uiAccess='false'" /DEBUG /PDB:"\\psbdfilesrvr.psu-erie.bd.psu.edu\student\zdb107\private\desktop\Graphics\LightGame\Debug\LightGame.pdb" /SUBSYSTEM:CONSOLE /TLBID:1 /DYNAMICBASE /NXCOMPAT /IMPLIB:"\\psbdfilesrvr.psu-erie.bd.psu.edu\student\zdb107\private\desktop\Graphics\LightGame\Debug\LightGame.lib" /MACHINE:X86 Debug\LightGame.exe.embed.manifest.res
         Debug\game.obj
         LightGame.vcxproj -> \\psbdfilesrvr.psu-erie.bd.psu.edu\student\zdb107\private\desktop\Graphics\LightGame\Debug\LightGame.exe
       FinalizeBuildStatus:
         Deleting file "Debug\LightGame.unsuccessfulbuild".
         Touching "Debug\LightGame.lastbuildstate".
     1>Done Building Project "\\psbdfilesrvr.psu-erie.bd.psu.edu\student\ZDB107\Private\desktop\Graphics\LightGame\LightGame\LightGame.vcxproj" (build target(s)).

Build succeeded.

Time Elapsed 00:00:04.44
