Build started 12/6/2011 4:39:12 AM.
     1>Project "E:\Light-Game\Light-Game\Light-Game\Light-Game.vcxproj" on node 2 (build target(s)).
     1>InitializeBuildStatus:
         Creating "Debug\Light-Game.unsuccessfulbuild" because "AlwaysCreate" was specified.
       ClCompile:
         C:\Program Files\Microsoft Visual Studio 10.0\VC\bin\CL.exe /c /ZI /nologo /W3 /WX- /Od /Oy- /D WIN32 /D _DEBUG /D _CONSOLE /D _UNICODE /D UNICODE /Gm /EHsc /RTC1 /MDd /GS /fp:precise /Zc:wchar_t /Zc:forScope /Fo"Debug\\" /Fd"Debug\vc100.pdb" /Gd /TP /analyze- /errorReport:prompt ..\..\game.cpp
         game.cpp
     1>e:\light-game\world.cpp(61): warning C4018: '<' : signed/unsigned mismatch
     1>e:\light-game\world.cpp(90): warning C4018: '<' : signed/unsigned mismatch
     1>e:\light-game\world.cpp(102): warning C4018: '<' : signed/unsigned mismatch
     1>e:\light-game\world.cpp(172): warning C4018: '<' : signed/unsigned mismatch
     1>e:\light-game\world.cpp(180): warning C4018: '<' : signed/unsigned mismatch
     1>e:\light-game\world.cpp(194): warning C4018: '<' : signed/unsigned mismatch
     1>e:\light-game\world.cpp(203): warning C4018: '<' : signed/unsigned mismatch
     1>e:\light-game\world.cpp(292): warning C4996: 'fopen': This function or variable may be unsafe. Consider using fopen_s instead. To disable deprecation, use _CRT_SECURE_NO_WARNINGS. See online help for details.
                 c:\program files\microsoft visual studio 10.0\vc\include\stdio.h(234) : see declaration of 'fopen'
     1>e:\light-game\dude.cpp(74): warning C4018: '<' : signed/unsigned mismatch
     1>e:\light-game\dude.cpp(111): warning C4018: '<' : signed/unsigned mismatch
     1>e:\light-game\dude.cpp(126): warning C4018: '<' : signed/unsigned mismatch
     1>e:\light-game\dude.cpp(130): warning C4018: '<' : signed/unsigned mismatch
     1>e:\light-game\game.cpp(66): warning C4018: '<' : signed/unsigned mismatch
     1>e:\light-game\game.cpp(92): warning C4018: '<' : signed/unsigned mismatch
     1>e:\light-game\game.cpp(123): warning C4018: '<' : signed/unsigned mismatch
     1>e:\light-game\lights.cpp(85): warning C4715: 'light::getLightEnum' : not all control paths return a value
       ManifestResourceCompile:
         All outputs are up-to-date.
       Link:
         C:\Program Files\Microsoft Visual Studio 10.0\VC\bin\link.exe /ERRORREPORT:PROMPT /OUT:"E:\Light-Game\Light-Game\Debug\Light-Game.exe" /INCREMENTAL /NOLOGO kernel32.lib user32.lib gdi32.lib winspool.lib comdlg32.lib advapi32.lib shell32.lib ole32.lib oleaut32.lib uuid.lib odbc32.lib odbccp32.lib /MANIFEST /ManifestFile:"Debug\Light-Game.exe.intermediate.manifest" /MANIFESTUAC:"level='asInvoker' uiAccess='false'" /DEBUG /PDB:"E:\Light-Game\Light-Game\Debug\Light-Game.pdb" /SUBSYSTEM:CONSOLE /TLBID:1 /DYNAMICBASE /NXCOMPAT /IMPLIB:"E:\Light-Game\Light-Game\Debug\Light-Game.lib" /MACHINE:X86 "Debug\Light-Game.exe.embed.manifest.res"
         Debug\game.obj
       Manifest:
         C:\Program Files\Microsoft SDKs\Windows\v7.0A\bin\mt.exe /nologo /verbose /out:"Debug\Light-Game.exe.embed.manifest" /manifest "Debug\Light-Game.exe.intermediate.manifest"
         All outputs are up-to-date.
       LinkEmbedManifest:
         All outputs are up-to-date.
         Light-Game.vcxproj -> E:\Light-Game\Light-Game\Debug\Light-Game.exe
       FinalizeBuildStatus:
         Deleting file "Debug\Light-Game.unsuccessfulbuild".
         Touching "Debug\Light-Game.lastbuildstate".
     1>Done Building Project "E:\Light-Game\Light-Game\Light-Game\Light-Game.vcxproj" (build target(s)).

Build succeeded.

Time Elapsed 00:00:06.39
