E:\LIGHT-GAME\LIGHT-GAME\DEBUG\LIGHT-GAME.EXE
E:\LIGHT-GAME\LIGHT-GAME\DEBUG\LIGHT-GAME.ILK
E:\LIGHT-GAME\LIGHT-GAME\DEBUG\LIGHT-GAME.PDB
E:\Light-Game\Light-Game\Light-Game\Debug\cl.command.1.tlog
E:\Light-Game\Light-Game\Light-Game\Debug\CL.read.1.tlog
E:\Light-Game\Light-Game\Light-Game\Debug\CL.write.1.tlog
E:\LIGHT-GAME\LIGHT-GAME\LIGHT-GAME\DEBUG\GAME.OBJ
E:\LIGHT-GAME\LIGHT-GAME\LIGHT-GAME\DEBUG\LIGHT-GAME.EXE.EMBED.MANIFEST
E:\LIGHT-GAME\LIGHT-GAME\LIGHT-GAME\DEBUG\LIGHT-GAME.EXE.EMBED.MANIFEST.RES
E:\LIGHT-GAME\LIGHT-GAME\LIGHT-GAME\DEBUG\LIGHT-GAME.EXE.INTERMEDIATE.MANIFEST
E:\Light-Game\Light-Game\Light-Game\Debug\Light-Game_manifest.rc
E:\Light-Game\Light-Game\Light-Game\Debug\link.4224.read.1.tlog
E:\Light-Game\Light-Game\Light-Game\Debug\link.4224.write.1.tlog
E:\Light-Game\Light-Game\Light-Game\Debug\link.4224-cvtres.read.1.tlog
E:\Light-Game\Light-Game\Light-Game\Debug\link.4224-cvtres.write.1.tlog
E:\Light-Game\Light-Game\Light-Game\Debug\link.command.1.tlog
E:\Light-Game\Light-Game\Light-Game\Debug\link.read.1.tlog
E:\Light-Game\Light-Game\Light-Game\Debug\link.write.1.tlog
E:\Light-Game\Light-Game\Light-Game\Debug\link-cvtres.read.1.tlog
E:\Light-Game\Light-Game\Light-Game\Debug\link-cvtres.write.1.tlog
E:\Light-Game\Light-Game\Light-Game\Debug\mt.command.1.tlog
E:\Light-Game\Light-Game\Light-Game\Debug\mt.read.1.tlog
E:\Light-Game\Light-Game\Light-Game\Debug\mt.write.1.tlog
E:\Light-Game\Light-Game\Light-Game\Debug\rc.command.1.tlog
E:\Light-Game\Light-Game\Light-Game\Debug\rc.read.1.tlog
E:\Light-Game\Light-Game\Light-Game\Debug\rc.write.1.tlog
E:\Light-Game\Light-Game\Light-Game\Debug\vc100.idb
E:\LIGHT-GAME\LIGHT-GAME\LIGHT-GAME\DEBUG\VC100.PDB
